This file contains any messages produced by compilers while
running configure, to aid debugging if configure makes a mistake.

It was created by zsync configure 0.6, which was
generated by GNU Autoconf 2.61.  Invocation command line was

  $ ./configure --prefix=/usr/local

## --------- ##
## Platform. ##
## --------- ##

hostname = Lappy486.config
uname -m = i386
uname -r = 9.6.0
uname -s = Darwin
uname -v = Darwin Kernel Version 9.6.0: Mon Nov 24 17:37:00 PST 2008; root:xnu-1228.9.59~1/RELEASE_I386

/usr/bin/uname -p = i386
/bin/uname -X     = unknown

/bin/arch              = unknown
/usr/bin/arch -k       = unknown
/usr/convex/getsysinfo = unknown
/usr/bin/hostinfo      = Mach kernel version:
	 Darwin Kernel Version 9.6.0: Mon Nov 24 17:37:00 PST 2008; root:xnu-1228.9.59~1/RELEASE_I386
Kernel configured for up to 2 processors.
2 processors are physically available.
2 processors are logically available.
Processor type: i486 (Intel 80486)
Processors active: 0 1
Primary memory available: 2.00 gigabytes
Default processor set: 82 tasks, 403 threads, 2 processors
Load average: 0.31, Mach factor: 1.68
/bin/machine           = unknown
/usr/bin/oslevel       = unknown
/bin/universe          = unknown

PATH: /usr/bin
PATH: /bin
PATH: /usr/sbin
PATH: /sbin
PATH: /usr/local/bin
PATH: /usr/texbin
PATH: /usr/X11/bin
PATH: /Developer/Platforms/iPhoneOS.platform/Developer/usr/bin/
PATH: /Developer/Platforms/iPhoneOS.platform/usr/bin/


## ----------- ##
## Core tests. ##
## ----------- ##

configure:1798: checking build system type
configure:1816: result: i386-apple-darwin9.6.0
configure:1838: checking host system type
configure:1853: result: i386-apple-darwin9.6.0
configure:1891: checking for a BSD-compatible install
configure:1947: result: /usr/bin/install -c
configure:1958: checking whether build environment is sane
configure:2001: result: yes
configure:2029: checking for a thread-safe mkdir -p
configure:2068: result: autotools/install-sh -c -d
configure:2081: checking for gawk
configure:2111: result: no
configure:2081: checking for mawk
configure:2111: result: no
configure:2081: checking for nawk
configure:2111: result: no
configure:2081: checking for awk
configure:2097: found /usr/bin/awk
configure:2108: result: awk
configure:2119: checking whether make sets $(MAKE)
configure:2140: result: yes
configure:2328: checking whether to enable maintainer-specific portions of Makefiles
configure:2337: result: no
configure:2399: checking for gcc
configure:2415: found /usr/bin/gcc
configure:2426: result: gcc
configure:2664: checking for C compiler version
configure:2671: gcc --version >&5
i686-apple-darwin9-gcc-4.0.1 (GCC) 4.0.1 (Apple Inc. build 5490)
Copyright (C) 2005 Free Software Foundation, Inc.
This is free software; see the source for copying conditions.  There is NO
warranty; not even for MERCHANTABILITY or FITNESS FOR A PARTICULAR PURPOSE.

configure:2674: $? = 0
configure:2681: gcc -v >&5
Using built-in specs.
Target: i686-apple-darwin9
Configured with: /var/tmp/gcc/gcc-5490~1/src/configure --disable-checking -enable-werror --prefix=/usr --mandir=/share/man --enable-languages=c,objc,c++,obj-c++ --program-transform-name=/^[cg][^.-]*$/s/$/-4.0/ --with-gxx-include-dir=/include/c++/4.0.0 --with-slibdir=/usr/lib --build=i686-apple-darwin9 --with-arch=apple --with-tune=generic --host=i686-apple-darwin9 --target=i686-apple-darwin9
Thread model: posix
gcc version 4.0.1 (Apple Inc. build 5490)
configure:2684: $? = 0
configure:2691: gcc -V >&5
gcc-4.0: argument to `-V' is missing
configure:2694: $? = 1
configure:2717: checking for C compiler default output file name
configure:2744: gcc    conftest.c  >&5
configure:2747: $? = 0
configure:2785: result: a.out
configure:2802: checking whether the C compiler works
configure:2812: ./a.out
configure:2815: $? = 0
configure:2832: result: yes
configure:2839: checking whether we are cross compiling
configure:2841: result: no
configure:2844: checking for suffix of executables
configure:2851: gcc -o conftest    conftest.c  >&5
configure:2854: $? = 0
configure:2878: result: 
configure:2884: checking for suffix of object files
configure:2910: gcc -c   conftest.c >&5
configure:2913: $? = 0
configure:2936: result: o
configure:2940: checking whether we are using the GNU C compiler
configure:2969: gcc -c   conftest.c >&5
configure:2975: $? = 0
configure:2992: result: yes
configure:2997: checking whether gcc accepts -g
configure:3027: gcc -c -g  conftest.c >&5
configure:3033: $? = 0
configure:3132: result: yes
configure:3149: checking for gcc option to accept ISO C89
configure:3223: gcc  -c -g -O2  conftest.c >&5
configure:3229: $? = 0
configure:3252: result: none needed
configure:3281: checking for style of include used by make
configure:3309: result: GNU
configure:3334: checking dependency style of gcc
configure:3425: result: gcc3
configure:3440: checking whether ln -s works
configure:3444: result: yes
configure:3494: checking for ranlib
configure:3510: found /usr/bin/ranlib
configure:3521: result: ranlib
configure:3555: checking for an ANSI C-conforming const
configure:3630: gcc -c -g -O2  conftest.c >&5
configure:3636: $? = 0
configure:3651: result: yes
configure:3666: checking how to run the C preprocessor
configure:3706: gcc -E  conftest.c
configure:3712: $? = 0
configure:3743: gcc -E  conftest.c
conftest.c:10:28: error: ac_nonexistent.h: No such file or directory
configure:3749: $? = 1
configure: failed program was:
| /* confdefs.h.  */
| #define PACKAGE_NAME "zsync"
| #define PACKAGE_TARNAME "zsync"
| #define PACKAGE_VERSION "0.6"
| #define PACKAGE_STRING "zsync 0.6"
| #define PACKAGE_BUGREPORT "http://zsync.moria.org.uk/"
| #define PACKAGE "zsync"
| #define VERSION "0.6"
| /* end confdefs.h.  */
| #include <ac_nonexistent.h>
configure:3782: result: gcc -E
configure:3811: gcc -E  conftest.c
configure:3817: $? = 0
configure:3848: gcc -E  conftest.c
conftest.c:10:28: error: ac_nonexistent.h: No such file or directory
configure:3854: $? = 1
configure: failed program was:
| /* confdefs.h.  */
| #define PACKAGE_NAME "zsync"
| #define PACKAGE_TARNAME "zsync"
| #define PACKAGE_VERSION "0.6"
| #define PACKAGE_STRING "zsync 0.6"
| #define PACKAGE_BUGREPORT "http://zsync.moria.org.uk/"
| #define PACKAGE "zsync"
| #define VERSION "0.6"
| /* end confdefs.h.  */
| #include <ac_nonexistent.h>
configure:3892: checking for grep that handles long lines and -e
configure:3966: result: /usr/bin/grep
configure:3971: checking for egrep
configure:4049: result: /usr/bin/grep -E
configure:4054: checking for ANSI C header files
configure:4084: gcc -c -g -O2  conftest.c >&5
configure:4090: $? = 0
configure:4189: gcc -o conftest -g -O2   conftest.c  >&5
configure:4192: $? = 0
configure:4198: ./conftest
configure:4201: $? = 0
configure:4218: result: yes
configure:4244: checking for sys/types.h
configure:4265: gcc -c -g -O2  conftest.c >&5
configure:4271: $? = 0
configure:4287: result: yes
configure:4244: checking for sys/stat.h
configure:4265: gcc -c -g -O2  conftest.c >&5
configure:4271: $? = 0
configure:4287: result: yes
configure:4244: checking for stdlib.h
configure:4265: gcc -c -g -O2  conftest.c >&5
configure:4271: $? = 0
configure:4287: result: yes
configure:4244: checking for string.h
configure:4265: gcc -c -g -O2  conftest.c >&5
configure:4271: $? = 0
configure:4287: result: yes
configure:4244: checking for memory.h
configure:4265: gcc -c -g -O2  conftest.c >&5
configure:4271: $? = 0
configure:4287: result: yes
configure:4244: checking for strings.h
configure:4265: gcc -c -g -O2  conftest.c >&5
configure:4271: $? = 0
configure:4287: result: yes
configure:4244: checking for inttypes.h
configure:4265: gcc -c -g -O2  conftest.c >&5
configure:4271: $? = 0
configure:4287: result: yes
configure:4244: checking for stdint.h
configure:4265: gcc -c -g -O2  conftest.c >&5
configure:4271: $? = 0
configure:4287: result: yes
configure:4244: checking for unistd.h
configure:4265: gcc -c -g -O2  conftest.c >&5
configure:4271: $? = 0
configure:4287: result: yes
configure:4304: checking for string.h
configure:4310: result: yes
configure:4444: checking for size_t
configure:4474: gcc -c -g -O2  conftest.c >&5
configure:4480: $? = 0
configure:4495: result: yes
configure:4514: checking for memcpy
configure:4570: gcc -o conftest -g -O2   conftest.c  >&5
conftest.c:44: warning: conflicting types for built-in function 'memcpy'
configure:4576: $? = 0
configure:4594: result: yes
configure:4514: checking for pwrite
configure:4570: gcc -o conftest -g -O2   conftest.c  >&5
configure:4576: $? = 0
configure:4594: result: yes
configure:4514: checking for pread
configure:4570: gcc -o conftest -g -O2   conftest.c  >&5
configure:4576: $? = 0
configure:4594: result: yes
configure:4514: checking for mkstemp
configure:4570: gcc -o conftest -g -O2   conftest.c  >&5
configure:4576: $? = 0
configure:4594: result: yes
configure:4605: checking for socklen_t
configure:4635: gcc -c -g -O2  conftest.c >&5
configure:4641: $? = 0
configure:4656: result: yes
configure:4665: checking for in_port_t
configure:4696: gcc -c -g -O2  conftest.c >&5
configure:4702: $? = 0
configure:4717: result: yes
configure:4948: checking for h_errno declaration in netdb.h
configure:4977: gcc -c -g -O2  conftest.c >&5
configure:4983: $? = 0
configure:4998: result: yes
configure:5009: checking for socket in -lsocket
configure:5044: gcc -o conftest -g -O2   conftest.c -lsocket   >&5
ld: library not found for -lsocket
collect2: ld returned 1 exit status
configure:5050: $? = 1
configure: failed program was:
| /* confdefs.h.  */
| #define PACKAGE_NAME "zsync"
| #define PACKAGE_TARNAME "zsync"
| #define PACKAGE_VERSION "0.6"
| #define PACKAGE_STRING "zsync 0.6"
| #define PACKAGE_BUGREPORT "http://zsync.moria.org.uk/"
| #define PACKAGE "zsync"
| #define VERSION "0.6"
| #define STDC_HEADERS 1
| #define HAVE_SYS_TYPES_H 1
| #define HAVE_SYS_STAT_H 1
| #define HAVE_STDLIB_H 1
| #define HAVE_STRING_H 1
| #define HAVE_MEMORY_H 1
| #define HAVE_STRINGS_H 1
| #define HAVE_INTTYPES_H 1
| #define HAVE_STDINT_H 1
| #define HAVE_UNISTD_H 1
| #define HAVE_STRING_H 1
| #define HAVE_MEMCPY 1
| #define HAVE_PWRITE 1
| #define HAVE_PREAD 1
| #define HAVE_MKSTEMP 1
| #define H_ERRNO_DECLARED 1
| /* end confdefs.h.  */
| 
| /* Override any GCC internal prototype to avoid an error.
|    Use char because int might match the return type of a GCC
|    builtin and then its argument prototype would still apply.  */
| #ifdef __cplusplus
| extern "C"
| #endif
| char socket ();
| int
| main ()
| {
| return socket ();
|   ;
|   return 0;
| }
configure:5068: result: no
configure:5084: checking for getaddrinfo
configure:5140: gcc -o conftest -g -O2   conftest.c  >&5
configure:5146: $? = 0
configure:5164: result: yes
configure:5190: checking for special C compiler options needed for large files
configure:5283: result: no
configure:5289: checking for _FILE_OFFSET_BITS value needed for large files
configure:5324: gcc -c -g -O2  conftest.c >&5
configure:5330: $? = 0
configure:5398: result: no
configure:5533: checking for _LARGEFILE_SOURCE value needed for large files
configure:5560: gcc -o conftest -g -O2   conftest.c  >&5
configure:5566: $? = 0
configure:5630: result: no
configure:5653: checking for size_t
configure:5704: result: yes
configure:5711: checking size of size_t
configure:6013: gcc -o conftest -g -O2   conftest.c  >&5
configure:6016: $? = 0
configure:6022: ./conftest
configure:6025: $? = 0
configure:6048: result: 4
configure:6058: checking for off_t
configure:6088: gcc -c -g -O2  conftest.c >&5
configure:6094: $? = 0
configure:6109: result: yes
configure:6116: checking size of off_t
configure:6418: gcc -o conftest -g -O2   conftest.c  >&5
configure:6421: $? = 0
configure:6427: ./conftest
configure:6430: $? = 0
configure:6453: result: 8
configure:6464: checking if malloc debugging is wanted
configure:6484: result: no
configure:6521: checking whether compiler supports -g
configure:6547: gcc -c -g -O2 -g  conftest.c >&5
conftest.c: In function 'main':
conftest.c:37: error: nested functions are disabled, use -fnested-functions to re-enable
configure:6553: $? = 1
configure: failed program was:
| /* confdefs.h.  */
| #define PACKAGE_NAME "zsync"
| #define PACKAGE_TARNAME "zsync"
| #define PACKAGE_VERSION "0.6"
| #define PACKAGE_STRING "zsync 0.6"
| #define PACKAGE_BUGREPORT "http://zsync.moria.org.uk/"
| #define PACKAGE "zsync"
| #define VERSION "0.6"
| #define STDC_HEADERS 1
| #define HAVE_SYS_TYPES_H 1
| #define HAVE_SYS_STAT_H 1
| #define HAVE_STDLIB_H 1
| #define HAVE_STRING_H 1
| #define HAVE_MEMORY_H 1
| #define HAVE_STRINGS_H 1
| #define HAVE_INTTYPES_H 1
| #define HAVE_STDINT_H 1
| #define HAVE_UNISTD_H 1
| #define HAVE_STRING_H 1
| #define HAVE_MEMCPY 1
| #define HAVE_PWRITE 1
| #define HAVE_PREAD 1
| #define HAVE_MKSTEMP 1
| #define H_ERRNO_DECLARED 1
| #define HAVE_GETADDRINFO 1
| #define HAVE_FSEEKO 1
| #define SIZEOF_SIZE_T 4
| #define SIZEOF_OFF_T 8
| #define _XOPEN_SOURCE 600
| #define _BSD_SOURCE 1
| /* end confdefs.h.  */
| 
| int
| main ()
| {
| 
|   void f() {};
| 
|   ;
|   return 0;
| }
configure:6567: result: no
configure:6521: checking whether compiler supports -Wall
configure:6547: gcc -c -g -O2 -Wall  conftest.c >&5
conftest.c: In function 'main':
conftest.c:37: error: nested functions are disabled, use -fnested-functions to re-enable
configure:6553: $? = 1
configure: failed program was:
| /* confdefs.h.  */
| #define PACKAGE_NAME "zsync"
| #define PACKAGE_TARNAME "zsync"
| #define PACKAGE_VERSION "0.6"
| #define PACKAGE_STRING "zsync 0.6"
| #define PACKAGE_BUGREPORT "http://zsync.moria.org.uk/"
| #define PACKAGE "zsync"
| #define VERSION "0.6"
| #define STDC_HEADERS 1
| #define HAVE_SYS_TYPES_H 1
| #define HAVE_SYS_STAT_H 1
| #define HAVE_STDLIB_H 1
| #define HAVE_STRING_H 1
| #define HAVE_MEMORY_H 1
| #define HAVE_STRINGS_H 1
| #define HAVE_INTTYPES_H 1
| #define HAVE_STDINT_H 1
| #define HAVE_UNISTD_H 1
| #define HAVE_STRING_H 1
| #define HAVE_MEMCPY 1
| #define HAVE_PWRITE 1
| #define HAVE_PREAD 1
| #define HAVE_MKSTEMP 1
| #define H_ERRNO_DECLARED 1
| #define HAVE_GETADDRINFO 1
| #define HAVE_FSEEKO 1
| #define SIZEOF_SIZE_T 4
| #define SIZEOF_OFF_T 8
| #define _XOPEN_SOURCE 600
| #define _BSD_SOURCE 1
| /* end confdefs.h.  */
| 
| int
| main ()
| {
| 
|   void f() {};
| 
|   ;
|   return 0;
| }
configure:6567: result: no
configure:6521: checking whether compiler supports -Wwrite-strings
configure:6547: gcc -c -g -O2 -Wwrite-strings  conftest.c >&5
conftest.c: In function 'main':
conftest.c:37: error: nested functions are disabled, use -fnested-functions to re-enable
configure:6553: $? = 1
configure: failed program was:
| /* confdefs.h.  */
| #define PACKAGE_NAME "zsync"
| #define PACKAGE_TARNAME "zsync"
| #define PACKAGE_VERSION "0.6"
| #define PACKAGE_STRING "zsync 0.6"
| #define PACKAGE_BUGREPORT "http://zsync.moria.org.uk/"
| #define PACKAGE "zsync"
| #define VERSION "0.6"
| #define STDC_HEADERS 1
| #define HAVE_SYS_TYPES_H 1
| #define HAVE_SYS_STAT_H 1
| #define HAVE_STDLIB_H 1
| #define HAVE_STRING_H 1
| #define HAVE_MEMORY_H 1
| #define HAVE_STRINGS_H 1
| #define HAVE_INTTYPES_H 1
| #define HAVE_STDINT_H 1
| #define HAVE_UNISTD_H 1
| #define HAVE_STRING_H 1
| #define HAVE_MEMCPY 1
| #define HAVE_PWRITE 1
| #define HAVE_PREAD 1
| #define HAVE_MKSTEMP 1
| #define H_ERRNO_DECLARED 1
| #define HAVE_GETADDRINFO 1
| #define HAVE_FSEEKO 1
| #define SIZEOF_SIZE_T 4
| #define SIZEOF_OFF_T 8
| #define _XOPEN_SOURCE 600
| #define _BSD_SOURCE 1
| /* end confdefs.h.  */
| 
| int
| main ()
| {
| 
|   void f() {};
| 
|   ;
|   return 0;
| }
configure:6567: result: no
configure:6521: checking whether compiler supports -Winline
configure:6547: gcc -c -g -O2 -Winline  conftest.c >&5
conftest.c: In function 'main':
conftest.c:37: error: nested functions are disabled, use -fnested-functions to re-enable
configure:6553: $? = 1
configure: failed program was:
| /* confdefs.h.  */
| #define PACKAGE_NAME "zsync"
| #define PACKAGE_TARNAME "zsync"
| #define PACKAGE_VERSION "0.6"
| #define PACKAGE_STRING "zsync 0.6"
| #define PACKAGE_BUGREPORT "http://zsync.moria.org.uk/"
| #define PACKAGE "zsync"
| #define VERSION "0.6"
| #define STDC_HEADERS 1
| #define HAVE_SYS_TYPES_H 1
| #define HAVE_SYS_STAT_H 1
| #define HAVE_STDLIB_H 1
| #define HAVE_STRING_H 1
| #define HAVE_MEMORY_H 1
| #define HAVE_STRINGS_H 1
| #define HAVE_INTTYPES_H 1
| #define HAVE_STDINT_H 1
| #define HAVE_UNISTD_H 1
| #define HAVE_STRING_H 1
| #define HAVE_MEMCPY 1
| #define HAVE_PWRITE 1
| #define HAVE_PREAD 1
| #define HAVE_MKSTEMP 1
| #define H_ERRNO_DECLARED 1
| #define HAVE_GETADDRINFO 1
| #define HAVE_FSEEKO 1
| #define SIZEOF_SIZE_T 4
| #define SIZEOF_OFF_T 8
| #define _XOPEN_SOURCE 600
| #define _BSD_SOURCE 1
| /* end confdefs.h.  */
| 
| int
| main ()
| {
| 
|   void f() {};
| 
|   ;
|   return 0;
| }
configure:6567: result: no
configure:6521: checking whether compiler supports -Wextra
configure:6547: gcc -c -g -O2 -Wextra  conftest.c >&5
conftest.c: In function 'main':
conftest.c:37: error: nested functions are disabled, use -fnested-functions to re-enable
configure:6553: $? = 1
configure: failed program was:
| /* confdefs.h.  */
| #define PACKAGE_NAME "zsync"
| #define PACKAGE_TARNAME "zsync"
| #define PACKAGE_VERSION "0.6"
| #define PACKAGE_STRING "zsync 0.6"
| #define PACKAGE_BUGREPORT "http://zsync.moria.org.uk/"
| #define PACKAGE "zsync"
| #define VERSION "0.6"
| #define STDC_HEADERS 1
| #define HAVE_SYS_TYPES_H 1
| #define HAVE_SYS_STAT_H 1
| #define HAVE_STDLIB_H 1
| #define HAVE_STRING_H 1
| #define HAVE_MEMORY_H 1
| #define HAVE_STRINGS_H 1
| #define HAVE_INTTYPES_H 1
| #define HAVE_STDINT_H 1
| #define HAVE_UNISTD_H 1
| #define HAVE_STRING_H 1
| #define HAVE_MEMCPY 1
| #define HAVE_PWRITE 1
| #define HAVE_PREAD 1
| #define HAVE_MKSTEMP 1
| #define H_ERRNO_DECLARED 1
| #define HAVE_GETADDRINFO 1
| #define HAVE_FSEEKO 1
| #define SIZEOF_SIZE_T 4
| #define SIZEOF_OFF_T 8
| #define _XOPEN_SOURCE 600
| #define _BSD_SOURCE 1
| /* end confdefs.h.  */
| 
| int
| main ()
| {
| 
|   void f() {};
| 
|   ;
|   return 0;
| }
configure:6567: result: no
configure:6521: checking whether compiler supports -Winline
configure:6547: gcc -c -g -O2 -Winline  conftest.c >&5
conftest.c: In function 'main':
conftest.c:37: error: nested functions are disabled, use -fnested-functions to re-enable
configure:6553: $? = 1
configure: failed program was:
| /* confdefs.h.  */
| #define PACKAGE_NAME "zsync"
| #define PACKAGE_TARNAME "zsync"
| #define PACKAGE_VERSION "0.6"
| #define PACKAGE_STRING "zsync 0.6"
| #define PACKAGE_BUGREPORT "http://zsync.moria.org.uk/"
| #define PACKAGE "zsync"
| #define VERSION "0.6"
| #define STDC_HEADERS 1
| #define HAVE_SYS_TYPES_H 1
| #define HAVE_SYS_STAT_H 1
| #define HAVE_STDLIB_H 1
| #define HAVE_STRING_H 1
| #define HAVE_MEMORY_H 1
| #define HAVE_STRINGS_H 1
| #define HAVE_INTTYPES_H 1
| #define HAVE_STDINT_H 1
| #define HAVE_UNISTD_H 1
| #define HAVE_STRING_H 1
| #define HAVE_MEMCPY 1
| #define HAVE_PWRITE 1
| #define HAVE_PREAD 1
| #define HAVE_MKSTEMP 1
| #define H_ERRNO_DECLARED 1
| #define HAVE_GETADDRINFO 1
| #define HAVE_FSEEKO 1
| #define SIZEOF_SIZE_T 4
| #define SIZEOF_OFF_T 8
| #define _XOPEN_SOURCE 600
| #define _BSD_SOURCE 1
| /* end confdefs.h.  */
| 
| int
| main ()
| {
| 
|   void f() {};
| 
|   ;
|   return 0;
| }
configure:6567: result: no
configure:6521: checking whether compiler supports -Wmissing-noreturn
configure:6547: gcc -c -g -O2 -Wmissing-noreturn  conftest.c >&5
conftest.c: In function 'main':
conftest.c:37: error: nested functions are disabled, use -fnested-functions to re-enable
configure:6553: $? = 1
configure: failed program was:
| /* confdefs.h.  */
| #define PACKAGE_NAME "zsync"
| #define PACKAGE_TARNAME "zsync"
| #define PACKAGE_VERSION "0.6"
| #define PACKAGE_STRING "zsync 0.6"
| #define PACKAGE_BUGREPORT "http://zsync.moria.org.uk/"
| #define PACKAGE "zsync"
| #define VERSION "0.6"
| #define STDC_HEADERS 1
| #define HAVE_SYS_TYPES_H 1
| #define HAVE_SYS_STAT_H 1
| #define HAVE_STDLIB_H 1
| #define HAVE_STRING_H 1
| #define HAVE_MEMORY_H 1
| #define HAVE_STRINGS_H 1
| #define HAVE_INTTYPES_H 1
| #define HAVE_STDINT_H 1
| #define HAVE_UNISTD_H 1
| #define HAVE_STRING_H 1
| #define HAVE_MEMCPY 1
| #define HAVE_PWRITE 1
| #define HAVE_PREAD 1
| #define HAVE_MKSTEMP 1
| #define H_ERRNO_DECLARED 1
| #define HAVE_GETADDRINFO 1
| #define HAVE_FSEEKO 1
| #define SIZEOF_SIZE_T 4
| #define SIZEOF_OFF_T 8
| #define _XOPEN_SOURCE 600
| #define _BSD_SOURCE 1
| /* end confdefs.h.  */
| 
| int
| main ()
| {
| 
|   void f() {};
| 
|   ;
|   return 0;
| }
configure:6567: result: no
configure:6521: checking whether compiler supports -Wredundant-decls
configure:6547: gcc -c -g -O2 -Wredundant-decls  conftest.c >&5
conftest.c: In function 'main':
conftest.c:37: error: nested functions are disabled, use -fnested-functions to re-enable
configure:6553: $? = 1
configure: failed program was:
| /* confdefs.h.  */
| #define PACKAGE_NAME "zsync"
| #define PACKAGE_TARNAME "zsync"
| #define PACKAGE_VERSION "0.6"
| #define PACKAGE_STRING "zsync 0.6"
| #define PACKAGE_BUGREPORT "http://zsync.moria.org.uk/"
| #define PACKAGE "zsync"
| #define VERSION "0.6"
| #define STDC_HEADERS 1
| #define HAVE_SYS_TYPES_H 1
| #define HAVE_SYS_STAT_H 1
| #define HAVE_STDLIB_H 1
| #define HAVE_STRING_H 1
| #define HAVE_MEMORY_H 1
| #define HAVE_STRINGS_H 1
| #define HAVE_INTTYPES_H 1
| #define HAVE_STDINT_H 1
| #define HAVE_UNISTD_H 1
| #define HAVE_STRING_H 1
| #define HAVE_MEMCPY 1
| #define HAVE_PWRITE 1
| #define HAVE_PREAD 1
| #define HAVE_MKSTEMP 1
| #define H_ERRNO_DECLARED 1
| #define HAVE_GETADDRINFO 1
| #define HAVE_FSEEKO 1
| #define SIZEOF_SIZE_T 4
| #define SIZEOF_OFF_T 8
| #define _XOPEN_SOURCE 600
| #define _BSD_SOURCE 1
| /* end confdefs.h.  */
| 
| int
| main ()
| {
| 
|   void f() {};
| 
|   ;
|   return 0;
| }
configure:6567: result: no
configure:6521: checking whether compiler supports -Wnested-externs
configure:6547: gcc -c -g -O2 -Wnested-externs  conftest.c >&5
conftest.c: In function 'main':
conftest.c:37: error: nested functions are disabled, use -fnested-functions to re-enable
configure:6553: $? = 1
configure: failed program was:
| /* confdefs.h.  */
| #define PACKAGE_NAME "zsync"
| #define PACKAGE_TARNAME "zsync"
| #define PACKAGE_VERSION "0.6"
| #define PACKAGE_STRING "zsync 0.6"
| #define PACKAGE_BUGREPORT "http://zsync.moria.org.uk/"
| #define PACKAGE "zsync"
| #define VERSION "0.6"
| #define STDC_HEADERS 1
| #define HAVE_SYS_TYPES_H 1
| #define HAVE_SYS_STAT_H 1
| #define HAVE_STDLIB_H 1
| #define HAVE_STRING_H 1
| #define HAVE_MEMORY_H 1
| #define HAVE_STRINGS_H 1
| #define HAVE_INTTYPES_H 1
| #define HAVE_STDINT_H 1
| #define HAVE_UNISTD_H 1
| #define HAVE_STRING_H 1
| #define HAVE_MEMCPY 1
| #define HAVE_PWRITE 1
| #define HAVE_PREAD 1
| #define HAVE_MKSTEMP 1
| #define H_ERRNO_DECLARED 1
| #define HAVE_GETADDRINFO 1
| #define HAVE_FSEEKO 1
| #define SIZEOF_SIZE_T 4
| #define SIZEOF_OFF_T 8
| #define _XOPEN_SOURCE 600
| #define _BSD_SOURCE 1
| /* end confdefs.h.  */
| 
| int
| main ()
| {
| 
|   void f() {};
| 
|   ;
|   return 0;
| }
configure:6567: result: no
configure:6521: checking whether compiler supports -Wundef
configure:6547: gcc -c -g -O2 -Wundef  conftest.c >&5
conftest.c: In function 'main':
conftest.c:37: error: nested functions are disabled, use -fnested-functions to re-enable
configure:6553: $? = 1
configure: failed program was:
| /* confdefs.h.  */
| #define PACKAGE_NAME "zsync"
| #define PACKAGE_TARNAME "zsync"
| #define PACKAGE_VERSION "0.6"
| #define PACKAGE_STRING "zsync 0.6"
| #define PACKAGE_BUGREPORT "http://zsync.moria.org.uk/"
| #define PACKAGE "zsync"
| #define VERSION "0.6"
| #define STDC_HEADERS 1
| #define HAVE_SYS_TYPES_H 1
| #define HAVE_SYS_STAT_H 1
| #define HAVE_STDLIB_H 1
| #define HAVE_STRING_H 1
| #define HAVE_MEMORY_H 1
| #define HAVE_STRINGS_H 1
| #define HAVE_INTTYPES_H 1
| #define HAVE_STDINT_H 1
| #define HAVE_UNISTD_H 1
| #define HAVE_STRING_H 1
| #define HAVE_MEMCPY 1
| #define HAVE_PWRITE 1
| #define HAVE_PREAD 1
| #define HAVE_MKSTEMP 1
| #define H_ERRNO_DECLARED 1
| #define HAVE_GETADDRINFO 1
| #define HAVE_FSEEKO 1
| #define SIZEOF_SIZE_T 4
| #define SIZEOF_OFF_T 8
| #define _XOPEN_SOURCE 600
| #define _BSD_SOURCE 1
| /* end confdefs.h.  */
| 
| int
| main ()
| {
| 
|   void f() {};
| 
|   ;
|   return 0;
| }
configure:6567: result: no
configure:6521: checking whether compiler supports -Wbad-function-cast
configure:6547: gcc -c -g -O2 -Wbad-function-cast  conftest.c >&5
conftest.c: In function 'main':
conftest.c:37: error: nested functions are disabled, use -fnested-functions to re-enable
configure:6553: $? = 1
configure: failed program was:
| /* confdefs.h.  */
| #define PACKAGE_NAME "zsync"
| #define PACKAGE_TARNAME "zsync"
| #define PACKAGE_VERSION "0.6"
| #define PACKAGE_STRING "zsync 0.6"
| #define PACKAGE_BUGREPORT "http://zsync.moria.org.uk/"
| #define PACKAGE "zsync"
| #define VERSION "0.6"
| #define STDC_HEADERS 1
| #define HAVE_SYS_TYPES_H 1
| #define HAVE_SYS_STAT_H 1
| #define HAVE_STDLIB_H 1
| #define HAVE_STRING_H 1
| #define HAVE_MEMORY_H 1
| #define HAVE_STRINGS_H 1
| #define HAVE_INTTYPES_H 1
| #define HAVE_STDINT_H 1
| #define HAVE_UNISTD_H 1
| #define HAVE_STRING_H 1
| #define HAVE_MEMCPY 1
| #define HAVE_PWRITE 1
| #define HAVE_PREAD 1
| #define HAVE_MKSTEMP 1
| #define H_ERRNO_DECLARED 1
| #define HAVE_GETADDRINFO 1
| #define HAVE_FSEEKO 1
| #define SIZEOF_SIZE_T 4
| #define SIZEOF_OFF_T 8
| #define _XOPEN_SOURCE 600
| #define _BSD_SOURCE 1
| /* end confdefs.h.  */
| 
| int
| main ()
| {
| 
|   void f() {};
| 
|   ;
|   return 0;
| }
configure:6567: result: no
configure:6521: checking whether compiler supports -Wcast-align
configure:6547: gcc -c -g -O2 -Wcast-align  conftest.c >&5
conftest.c: In function 'main':
conftest.c:37: error: nested functions are disabled, use -fnested-functions to re-enable
configure:6553: $? = 1
configure: failed program was:
| /* confdefs.h.  */
| #define PACKAGE_NAME "zsync"
| #define PACKAGE_TARNAME "zsync"
| #define PACKAGE_VERSION "0.6"
| #define PACKAGE_STRING "zsync 0.6"
| #define PACKAGE_BUGREPORT "http://zsync.moria.org.uk/"
| #define PACKAGE "zsync"
| #define VERSION "0.6"
| #define STDC_HEADERS 1
| #define HAVE_SYS_TYPES_H 1
| #define HAVE_SYS_STAT_H 1
| #define HAVE_STDLIB_H 1
| #define HAVE_STRING_H 1
| #define HAVE_MEMORY_H 1
| #define HAVE_STRINGS_H 1
| #define HAVE_INTTYPES_H 1
| #define HAVE_STDINT_H 1
| #define HAVE_UNISTD_H 1
| #define HAVE_STRING_H 1
| #define HAVE_MEMCPY 1
| #define HAVE_PWRITE 1
| #define HAVE_PREAD 1
| #define HAVE_MKSTEMP 1
| #define H_ERRNO_DECLARED 1
| #define HAVE_GETADDRINFO 1
| #define HAVE_FSEEKO 1
| #define SIZEOF_SIZE_T 4
| #define SIZEOF_OFF_T 8
| #define _XOPEN_SOURCE 600
| #define _BSD_SOURCE 1
| /* end confdefs.h.  */
| 
| int
| main ()
| {
| 
|   void f() {};
| 
|   ;
|   return 0;
| }
configure:6567: result: no
configure:6521: checking whether compiler supports -Wvolatile-register-var
configure:6547: gcc -c -g -O2 -Wvolatile-register-var  conftest.c >&5
cc1: error: unrecognized command line option "-Wvolatile-register-var"
configure:6553: $? = 1
configure: failed program was:
| /* confdefs.h.  */
| #define PACKAGE_NAME "zsync"
| #define PACKAGE_TARNAME "zsync"
| #define PACKAGE_VERSION "0.6"
| #define PACKAGE_STRING "zsync 0.6"
| #define PACKAGE_BUGREPORT "http://zsync.moria.org.uk/"
| #define PACKAGE "zsync"
| #define VERSION "0.6"
| #define STDC_HEADERS 1
| #define HAVE_SYS_TYPES_H 1
| #define HAVE_SYS_STAT_H 1
| #define HAVE_STDLIB_H 1
| #define HAVE_STRING_H 1
| #define HAVE_MEMORY_H 1
| #define HAVE_STRINGS_H 1
| #define HAVE_INTTYPES_H 1
| #define HAVE_STDINT_H 1
| #define HAVE_UNISTD_H 1
| #define HAVE_STRING_H 1
| #define HAVE_MEMCPY 1
| #define HAVE_PWRITE 1
| #define HAVE_PREAD 1
| #define HAVE_MKSTEMP 1
| #define H_ERRNO_DECLARED 1
| #define HAVE_GETADDRINFO 1
| #define HAVE_FSEEKO 1
| #define SIZEOF_SIZE_T 4
| #define SIZEOF_OFF_T 8
| #define _XOPEN_SOURCE 600
| #define _BSD_SOURCE 1
| /* end confdefs.h.  */
| 
| int
| main ()
| {
| 
|   void f() {};
| 
|   ;
|   return 0;
| }
configure:6567: result: no
configure:6521: checking whether compiler supports -ffast-math
configure:6547: gcc -c -g -O2 -ffast-math  conftest.c >&5
conftest.c: In function 'main':
conftest.c:37: error: nested functions are disabled, use -fnested-functions to re-enable
configure:6553: $? = 1
configure: failed program was:
| /* confdefs.h.  */
| #define PACKAGE_NAME "zsync"
| #define PACKAGE_TARNAME "zsync"
| #define PACKAGE_VERSION "0.6"
| #define PACKAGE_STRING "zsync 0.6"
| #define PACKAGE_BUGREPORT "http://zsync.moria.org.uk/"
| #define PACKAGE "zsync"
| #define VERSION "0.6"
| #define STDC_HEADERS 1
| #define HAVE_SYS_TYPES_H 1
| #define HAVE_SYS_STAT_H 1
| #define HAVE_STDLIB_H 1
| #define HAVE_STRING_H 1
| #define HAVE_MEMORY_H 1
| #define HAVE_STRINGS_H 1
| #define HAVE_INTTYPES_H 1
| #define HAVE_STDINT_H 1
| #define HAVE_UNISTD_H 1
| #define HAVE_STRING_H 1
| #define HAVE_MEMCPY 1
| #define HAVE_PWRITE 1
| #define HAVE_PREAD 1
| #define HAVE_MKSTEMP 1
| #define H_ERRNO_DECLARED 1
| #define HAVE_GETADDRINFO 1
| #define HAVE_FSEEKO 1
| #define SIZEOF_SIZE_T 4
| #define SIZEOF_OFF_T 8
| #define _XOPEN_SOURCE 600
| #define _BSD_SOURCE 1
| /* end confdefs.h.  */
| 
| int
| main ()
| {
| 
|   void f() {};
| 
|   ;
|   return 0;
| }
configure:6567: result: no
configure:6709: creating ./config.status

## ---------------------- ##
## Running config.status. ##
## ---------------------- ##

This file was extended by zsync config.status 0.6, which was
generated by GNU Autoconf 2.61.  Invocation command line was

  CONFIG_FILES    = 
  CONFIG_HEADERS  = 
  CONFIG_LINKS    = 
  CONFIG_COMMANDS = 
  $ ./config.status 

on Lappy486.config

config.status:653: creating Makefile
config.status:653: creating librcksum/Makefile
config.status:653: creating zlib/Makefile
config.status:653: creating libzsync/Makefile
config.status:653: creating doc/Makefile
config.status:653: creating config.h
config.status:891: config.h is unchanged
config.status:937: executing depfiles commands

## ---------------- ##
## Cache variables. ##
## ---------------- ##

ac_cv_build=i386-apple-darwin9.6.0
ac_cv_c_compiler_gnu=yes
ac_cv_c_const=yes
ac_cv_decl_h_errno=yes
ac_cv_env_CC_set=
ac_cv_env_CC_value=
ac_cv_env_CFLAGS_set=
ac_cv_env_CFLAGS_value=
ac_cv_env_CPPFLAGS_set=
ac_cv_env_CPPFLAGS_value=
ac_cv_env_CPP_set=
ac_cv_env_CPP_value=
ac_cv_env_LDFLAGS_set=
ac_cv_env_LDFLAGS_value=
ac_cv_env_LIBS_set=
ac_cv_env_LIBS_value=
ac_cv_env_build_alias_set=
ac_cv_env_build_alias_value=
ac_cv_env_host_alias_set=
ac_cv_env_host_alias_value=
ac_cv_env_target_alias_set=
ac_cv_env_target_alias_value=
ac_cv_func_getaddrinfo=yes
ac_cv_func_memcpy=yes
ac_cv_func_mkstemp=yes
ac_cv_func_pread=yes
ac_cv_func_pwrite=yes
ac_cv_header_inttypes_h=yes
ac_cv_header_memory_h=yes
ac_cv_header_stdc=yes
ac_cv_header_stdint_h=yes
ac_cv_header_stdlib_h=yes
ac_cv_header_string_h=yes
ac_cv_header_strings_h=yes
ac_cv_header_sys_stat_h=yes
ac_cv_header_sys_types_h=yes
ac_cv_header_unistd_h=yes
ac_cv_host=i386-apple-darwin9.6.0
ac_cv_lib_socket_socket=no
ac_cv_objext=o
ac_cv_path_EGREP='/usr/bin/grep -E'
ac_cv_path_GREP=/usr/bin/grep
ac_cv_path_install='/usr/bin/install -c'
ac_cv_prog_AWK=awk
ac_cv_prog_CPP='gcc -E'
ac_cv_prog_ac_ct_CC=gcc
ac_cv_prog_ac_ct_RANLIB=ranlib
ac_cv_prog_cc_c89=
ac_cv_prog_cc_g=yes
ac_cv_prog_make_make_set=yes
ac_cv_sizeof_off_t=8
ac_cv_sizeof_size_t=4
ac_cv_sys_file_offset_bits=no
ac_cv_sys_largefile_CC=no
ac_cv_sys_largefile_source=no
ac_cv_type_in_port_t=yes
ac_cv_type_off_t=yes
ac_cv_type_size_t=yes
ac_cv_type_socklen_t=yes
am_cv_CC_dependencies_compiler_type=gcc3

## ----------------- ##
## Output variables. ##
## ----------------- ##

ACLOCAL='${SHELL} /Users/jamie/Development/Eucalyptus/ThirdParty/zsync/autotools/missing --run aclocal-1.10'
AMDEPBACKSLASH='\'
AMDEP_FALSE='#'
AMDEP_TRUE=''
AMTAR='${SHELL} /Users/jamie/Development/Eucalyptus/ThirdParty/zsync/autotools/missing --run tar'
AUTOCONF='${SHELL} /Users/jamie/Development/Eucalyptus/ThirdParty/zsync/autotools/missing --run autoconf'
AUTOHEADER='${SHELL} /Users/jamie/Development/Eucalyptus/ThirdParty/zsync/autotools/missing --run autoheader'
AUTOMAKE='${SHELL} /Users/jamie/Development/Eucalyptus/ThirdParty/zsync/autotools/missing --run automake-1.10'
AWK='awk'
CC='gcc'
CCDEPMODE='depmode=gcc3'
CFLAGS='-g -O2'
CPP='gcc -E'
CPPFLAGS=''
CYGPATH_W='echo'
DEFS='-DHAVE_CONFIG_H'
DEPDIR='.deps'
ECHO_C='ECHO_N=''
ECHO_T=''
EGREP='/usr/bin/grep -E'
EXEEXT=''
GREP='/usr/bin/grep'
INSTALL_DATA='${INSTALL} -m 644'
INSTALL_PROGRAM='${INSTALL}'
INSTALL_SCRIPT='${INSTALL}'
INSTALL_STRIP_PROGRAM='$(install_sh) -c -s'
LDFLAGS=''
LIBOBJS=''
LIBS=''
LN_S='ln -s'
LTLIBOBJS=''
MAINT='#'
MAINTAINER_MODE_FALSE=''
MAINTAINER_MODE_TRUE='#'
MAKEINFO='${SHELL} /Users/jamie/Development/Eucalyptus/ThirdParty/zsync/autotools/missing --run makeinfo'
MINGW32_FALSE=''
MINGW32_TRUE='#'
OBJEXT='o'
PACKAGE='zsync'
PACKAGE_BUGREPORT='http://zsync.moria.org.uk/'
PACKAGE_NAME='zsync'
PACKAGE_STRING='zsync 0.6'
PACKAGE_TARNAME='zsync'
PACKAGE_VERSION='0.6'
PATH_SEPARATOR=':'
RANLIB='ranlib'
SET_MAKE=''
SHELL='/bin/sh'
STRIP=''
VERSION='0.6'
ac_aux_dir='autotools'
ac_ct_CC='gcc'
am__fastdepCC_FALSE='#'
am__fastdepCC_TRUE=''
am__include='include'
am__isrc=''
am__leading_dot='.'
am__quote=''
am__tar='${AMTAR} chof - "$$tardir"'
am__untar='${AMTAR} xf -'
bindir='${exec_prefix}/bin'
build='i386-apple-darwin9.6.0'
build_alias=''
build_cpu='i386'
build_os='darwin9.6.0'
build_vendor='apple'
datadir='${datarootdir}'
datarootdir='${prefix}/share'
docdir='${datarootdir}/doc/${PACKAGE_TARNAME}'
dvidir='${docdir}'
exec_prefix='${prefix}'
host='i386-apple-darwin9.6.0'
host_alias=''
host_cpu='i386'
host_os='darwin9.6.0'
host_vendor='apple'
htmldir='${docdir}'
includedir='${prefix}/include'
infodir='${datarootdir}/info'
install_sh='$(SHELL) /Users/jamie/Development/Eucalyptus/ThirdParty/zsync/autotools/install-sh'
libdir='${exec_prefix}/lib'
libexecdir='${exec_prefix}/libexec'
localedir='${datarootdir}/locale'
localstatedir='${prefix}/var'
mandir='${datarootdir}/man'
mkdir_p='$(top_builddir)/autotools/install-sh -c -d'
oldincludedir='/usr/include'
pdfdir='${docdir}'
prefix='/usr/local'
program_transform_name='s,x,x,'
psdir='${docdir}'
sbindir='${exec_prefix}/sbin'
sharedstatedir='${prefix}/com'
sysconfdir='${prefix}/etc'
target_alias=''

## ----------- ##
## confdefs.h. ##
## ----------- ##

#define PACKAGE_NAME "zsync"
#define PACKAGE_TARNAME "zsync"
#define PACKAGE_VERSION "0.6"
#define PACKAGE_STRING "zsync 0.6"
#define PACKAGE_BUGREPORT "http://zsync.moria.org.uk/"
#define PACKAGE "zsync"
#define VERSION "0.6"
#define STDC_HEADERS 1
#define HAVE_SYS_TYPES_H 1
#define HAVE_SYS_STAT_H 1
#define HAVE_STDLIB_H 1
#define HAVE_STRING_H 1
#define HAVE_MEMORY_H 1
#define HAVE_STRINGS_H 1
#define HAVE_INTTYPES_H 1
#define HAVE_STDINT_H 1
#define HAVE_UNISTD_H 1
#define HAVE_STRING_H 1
#define HAVE_MEMCPY 1
#define HAVE_PWRITE 1
#define HAVE_PREAD 1
#define HAVE_MKSTEMP 1
#define H_ERRNO_DECLARED 1
#define HAVE_GETADDRINFO 1
#define HAVE_FSEEKO 1
#define SIZEOF_SIZE_T 4
#define SIZEOF_OFF_T 8
#define _XOPEN_SOURCE 600
#define _BSD_SOURCE 1

configure: exit 0
